2026-06-12T00:02:19.910+07:00  INFO 24648 --- [project_211] [main] c.e.project_211.Project211Application    : Starting Project211Application using Java 17.0.12 with PID 24648 (C:\Users\chung\OneDrive\Desktop\211_java_Web_Service\project\project_211\build\classes\java\main started by chung in C:\Users\chung\OneDrive\Desktop\211_java_Web_Service\project\project_211)
2026-06-12T00:02:19.915+07:00  INFO 24648 --- [project_211] [main] c.e.project_211.Project211Application    : No active profile set, falling back to 1 default profile: "default"
2026-06-12T00:02:21.269+07:00  INFO 24648 --- [project_211] [main] .s.d.r.c.RepositoryConfigurationDelegate : Multiple Spring Data modules found, entering strict repository configuration mode
2026-06-12T00:02:21.274+07:00  INFO 24648 --- [project_211] [main] .s.d.r.c.RepositoryConfigurationDelegate : Bootstrapping Spring Data JPA repositories in DEFAULT mode.
2026-06-12T00:02:21.619+07:00  INFO 24648 --- [project_211] [main] .s.d.r.c.RepositoryConfigurationDelegate : Finished Spring Data repository scanning in 324 ms. Found 7 JPA repository interfaces.
2026-06-12T00:02:21.719+07:00  INFO 24648 --- [project_211] [main] .s.d.r.c.RepositoryConfigurationDelegate : Multiple Spring Data modules found, entering strict repository configuration mode
2026-06-12T00:02:21.722+07:00  INFO 24648 --- [project_211] [main] .s.d.r.c.RepositoryConfigurationDelegate : Bootstrapping Spring Data Redis repositories in DEFAULT mode.
2026-06-12T00:02:21.755+07:00  INFO 24648 --- [project_211] [main] .RepositoryConfigurationExtensionSupport : Spring Data Redis - Could not safely identify store assignment for repository candidate interface com.example.project_211.repository.BookingRepository; If you want this repository to be a Redis repository, consider annotating your entities with one of these annotations: org.springframework.data.redis.core.RedisHash (preferred), or consider extending one of the following types with your repository: org.springframework.data.keyvalue.repository.KeyValueRepository
2026-06-12T00:02:21.755+07:00  INFO 24648 --- [project_211] [main] .RepositoryConfigurationExtensionSupport : Spring Data Redis - Could not safely identify store assignment for repository candidate interface com.example.project_211.repository.CourtImageRepository; If you want this repository to be a Redis repository, consider annotating your entities with one of these annotations: org.springframework.data.redis.core.RedisHash (preferred), or consider extending one of the following types with your repository: org.springframework.data.keyvalue.repository.KeyValueRepository
2026-06-12T00:02:21.756+07:00  INFO 24648 --- [project_211] [main] .RepositoryConfigurationExtensionSupport : Spring Data Redis - Could not safely identify store assignment for repository candidate interface com.example.project_211.repository.CourtRepository; If you want this repository to be a Redis repository, consider annotating your entities with one of these annotations: org.springframework.data.redis.core.RedisHash (preferred), or consider extending one of the following types with your repository: org.springframework.data.keyvalue.repository.KeyValueRepository
2026-06-12T00:02:21.757+07:00  INFO 24648 --- [project_211] [main] .RepositoryConfigurationExtensionSupport : Spring Data Redis - Could not safely identify store assignment for repository candidate interface com.example.project_211.repository.RefreshTokenRepository; If you want this repository to be a Redis repository, consider annotating your entities with one of these annotations: org.springframework.data.redis.core.RedisHash (preferred), or consider extending one of the following types with your repository: org.springframework.data.keyvalue.repository.KeyValueRepository
2026-06-12T00:02:21.757+07:00  INFO 24648 --- [project_211] [main] .RepositoryConfigurationExtensionSupport : Spring Data Redis - Could not safely identify store assignment for repository candidate interface com.example.project_211.repository.RoleRepository; If you want this repository to be a Redis repository, consider annotating your entities with one of these annotations: org.springframework.data.redis.core.RedisHash (preferred), or consider extending one of the following types with your repository: org.springframework.data.keyvalue.repository.KeyValueRepository
2026-06-12T00:02:21.757+07:00  INFO 24648 --- [project_211] [main] .RepositoryConfigurationExtensionSupport : Spring Data Redis - Could not safely identify store assignment for repository candidate interface com.example.project_211.repository.TimeSlotRepository; If you want this repository to be a Redis repository, consider annotating your entities with one of these annotations: org.springframework.data.redis.core.RedisHash (preferred), or consider extending one of the following types with your repository: org.springframework.data.keyvalue.repository.KeyValueRepository
2026-06-12T00:02:21.759+07:00  INFO 24648 --- [project_211] [main] .RepositoryConfigurationExtensionSupport : Spring Data Redis - Could not safely identify store assignment for repository candidate interface com.example.project_211.repository.UserRepository; If you want this repository to be a Redis repository, consider annotating your entities with one of these annotations: org.springframework.data.redis.core.RedisHash (preferred), or consider extending one of the following types with your repository: org.springframework.data.keyvalue.repository.KeyValueRepository
2026-06-12T00:02:21.759+07:00  INFO 24648 --- [project_211] [main] .s.d.r.c.RepositoryConfigurationDelegate : Finished Spring Data repository scanning in 15 ms. Found 0 Redis repository interfaces.
2026-06-12T00:02:23.080+07:00  INFO 24648 --- [project_211] [main] o.s.boot.tomcat.TomcatWebServer          : Tomcat initialized with port 8080 (http)
2026-06-12T00:02:23.104+07:00  INFO 24648 --- [project_211] [main] o.apache.catalina.core.StandardService   : Starting service [Tomcat]
2026-06-12T00:02:23.105+07:00  INFO 24648 --- [project_211] [main] o.apache.catalina.core.StandardEngine    : Starting Servlet engine: [Apache Tomcat/11.0.21]
2026-06-12T00:02:23.183+07:00  INFO 24648 --- [project_211] [main] b.w.c.s.WebApplicationContextInitializer : Root WebApplicationContext: initialization completed in 3215 ms
2026-06-12T00:02:23.384+07:00  INFO 24648 --- [project_211] [main] com.zaxxer.hikari.HikariDataSource       : HikariPool-1 - Starting...
2026-06-12T00:02:24.098+07:00  INFO 24648 --- [project_211] [main] com.zaxxer.hikari.pool.HikariPool        : HikariPool-1 - Added connection com.mysql.cj.jdbc.ConnectionImpl@4756e5cc
2026-06-12T00:02:24.102+07:00  INFO 24648 --- [project_211] [main] com.zaxxer.hikari.HikariDataSource       : HikariPool-1 - Start completed.
2026-06-12T00:02:24.282+07:00  INFO 24648 --- [project_211] [main] org.hibernate.orm.jpa                    : HHH008540: Processing PersistenceUnitInfo [name: default]
2026-06-12T00:02:24.446+07:00  INFO 24648 --- [project_211] [main] org.hibernate.orm.core                   : HHH000001: Hibernate ORM core version 7.2.12.Final
2026-06-12T00:02:25.272+07:00  INFO 24648 --- [project_211] [main] o.s.o.j.p.SpringPersistenceUnitInfo      : No LoadTimeWeaver setup: ignoring JPA class transformer
2026-06-12T00:02:25.486+07:00  INFO 24648 --- [project_211] [main] org.hibernate.orm.connections.pooling    : HHH10001005: Database info:
	Database JDBC URL [jdbc:mysql://localhost:3306/badminton_db?createDatabaseIfNotExist=true]
	Database driver: MySQL Connector/J
	Database dialect: MySQLDialect
	Database version: 8.0.44
	Default catalog/schema: badminton_db/undefined
	Autocommit mode: undefined/unknown
	Isolation level: REPEATABLE_READ [default REPEATABLE_READ]
	JDBC fetch size: none
	Pool: DataSourceConnectionProvider
	Minimum pool size: undefined/unknown
	Maximum pool size: undefined/unknown
2026-06-12T00:02:27.212+07:00  INFO 24648 --- [project_211] [main] org.hibernate.orm.core                   : HHH000489: No JTA platform available (set 'hibernate.transaction.jta.platform' to enable JTA platform integration)
2026-06-12T00:02:27.640+07:00  INFO 24648 --- [project_211] [main] j.LocalContainerEntityManagerFactoryBean : Initialized JPA EntityManagerFactory for persistence unit 'default'
2026-06-12T00:02:27.821+07:00  INFO 24648 --- [project_211] [main] o.s.d.j.r.query.QueryEnhancerFactories   : Hibernate is in classpath; If applicable, HQL parser will be used.
2026-06-12T00:02:28.958+07:00  INFO 24648 --- [project_211] [main] r$InitializeUserDetailsManagerConfigurer : Global AuthenticationManager configured with UserDetailsService bean with name customUserDetailsService
2026-06-12T00:02:29.230+07:00  WARN 24648 --- [project_211] [main] JpaBaseConfiguration$JpaWebConfiguration : spring.jpa.open-in-view is enabled by default. Therefore, database queries may be performed during view rendering. Explicitly configure spring.jpa.open-in-view to disable this warning
2026-06-12T00:02:30.014+07:00  INFO 24648 --- [project_211] [main] o.s.boot.tomcat.TomcatWebServer          : Tomcat started on port 8080 (http) with context path '/'
2026-06-12T00:02:30.021+07:00  INFO 24648 --- [project_211] [main] c.e.project_211.Project211Application    : Started Project211Application in 10.778 seconds (process running for 11.969)
2026-06-12T00:13:24.546+07:00  INFO 24648 --- [project_211] [SpringApplicationShutdownHook] o.s.boot.tomcat.GracefulShutdown         : Commencing graceful shutdown. Waiting for active requests to complete
2026-06-12T00:13:24.848+07:00  INFO 24648 --- [project_211] [tomcat-shutdown] o.s.boot.tomcat.GracefulShutdown         : Graceful shutdown complete
2026-06-12T00:13:25.134+07:00  INFO 24648 --- [project_211] [SpringApplicationShutdownHook] j.LocalContainerEntityManagerFactoryBean : Closing JPA EntityManagerFactory for persistence unit 'default'
2026-06-12T00:13:25.211+07:00  INFO 24648 --- [project_211] [SpringApplicationShutdownHook] com.zaxxer.hikari.HikariDataSource       : HikariPool-1 - Shutdown initiated...
2026-06-12T00:13:25.295+07:00  INFO 24648 --- [project_211] [SpringApplicationShutdownHook] com.zaxxer.hikari.HikariDataSource       : HikariPool-1 - Shutdown completed.
2026-06-12T09:47:44.629+07:00  INFO 24960 --- [project_211] [main] c.e.project_211.Project211Application    : Starting Project211Application using Java 17.0.12 with PID 24960 (C:\Users\chung\OneDrive\Desktop\211_java_Web_Service\project\project_211\build\classes\java\main started by chung in C:\Users\chung\OneDrive\Desktop\211_java_Web_Service\project\project_211)
2026-06-12T09:47:44.634+07:00  INFO 24960 --- [project_211] [main] c.e.project_211.Project211Application    : No active profile set, falling back to 1 default profile: "default"
2026-06-12T09:47:45.776+07:00  INFO 24960 --- [project_211] [main] .s.d.r.c.RepositoryConfigurationDelegate : Multiple Spring Data modules found, entering strict repository configuration mode
2026-06-12T09:47:45.780+07:00  INFO 24960 --- [project_211] [main] .s.d.r.c.RepositoryConfigurationDelegate : Bootstrapping Spring Data JPA repositories in DEFAULT mode.
2026-06-12T09:47:46.233+07:00  INFO 24960 --- [project_211] [main] .s.d.r.c.RepositoryConfigurationDelegate : Finished Spring Data repository scanning in 401 ms. Found 7 JPA repository interfaces.
2026-06-12T09:47:46.331+07:00  INFO 24960 --- [project_211] [main] .s.d.r.c.RepositoryConfigurationDelegate : Multiple Spring Data modules found, entering strict repository configuration mode
2026-06-12T09:47:46.333+07:00  INFO 24960 --- [project_211] [main] .s.d.r.c.RepositoryConfigurationDelegate : Bootstrapping Spring Data Redis repositories in DEFAULT mode.
2026-06-12T09:47:46.360+07:00  INFO 24960 --- [project_211] [main] .RepositoryConfigurationExtensionSupport : Spring Data Redis - Could not safely identify store assignment for repository candidate interface com.example.project_211.repository.BookingRepository; If you want this repository to be a Redis repository, consider annotating your entities with one of these annotations: org.springframework.data.redis.core.RedisHash (preferred), or consider extending one of the following types with your repository: org.springframework.data.keyvalue.repository.KeyValueRepository
2026-06-12T09:47:46.361+07:00  INFO 24960 --- [project_211] [main] .RepositoryConfigurationExtensionSupport : Spring Data Redis - Could not safely identify store assignment for repository candidate interface com.example.project_211.repository.CourtImageRepository; If you want this repository to be a Redis repository, consider annotating your entities with one of these annotations: org.springframework.data.redis.core.RedisHash (preferred), or consider extending one of the following types with your repository: org.springframework.data.keyvalue.repository.KeyValueRepository
2026-06-12T09:47:46.362+07:00  INFO 24960 --- [project_211] [main] .RepositoryConfigurationExtensionSupport : Spring Data Redis - Could not safely identify store assignment for repository candidate interface com.example.project_211.repository.CourtRepository; If you want this repository to be a Redis repository, consider annotating your entities with one of these annotations: org.springframework.data.redis.core.RedisHash (preferred), or consider extending one of the following types with your repository: org.springframework.data.keyvalue.repository.KeyValueRepository
2026-06-12T09:47:46.362+07:00  INFO 24960 --- [project_211] [main] .RepositoryConfigurationExtensionSupport : Spring Data Redis - Could not safely identify store assignment for repository candidate interface com.example.project_211.repository.RefreshTokenRepository; If you want this repository to be a Redis repository, consider annotating your entities with one of these annotations: org.springframework.data.redis.core.RedisHash (preferred), or consider extending one of the following types with your repository: org.springframework.data.keyvalue.repository.KeyValueRepository
2026-06-12T09:47:46.362+07:00  INFO 24960 --- [project_211] [main] .RepositoryConfigurationExtensionSupport : Spring Data Redis - Could not safely identify store assignment for repository candidate interface com.example.project_211.repository.RoleRepository; If you want this repository to be a Redis repository, consider annotating your entities with one of these annotations: org.springframework.data.redis.core.RedisHash (preferred), or consider extending one of the following types with your repository: org.springframework.data.keyvalue.repository.KeyValueRepository
2026-06-12T09:47:46.363+07:00  INFO 24960 --- [project_211] [main] .RepositoryConfigurationExtensionSupport : Spring Data Redis - Could not safely identify store assignment for repository candidate interface com.example.project_211.repository.TimeSlotRepository; If you want this repository to be a Redis repository, consider annotating your entities with one of these annotations: org.springframework.data.redis.core.RedisHash (preferred), or consider extending one of the following types with your repository: org.springframework.data.keyvalue.repository.KeyValueRepository
2026-06-12T09:47:46.365+07:00  INFO 24960 --- [project_211] [main] .RepositoryConfigurationExtensionSupport : Spring Data Redis - Could not safely identify store assignment for repository candidate interface com.example.project_211.repository.UserRepository; If you want this repository to be a Redis repository, consider annotating your entities with one of these annotations: org.springframework.data.redis.core.RedisHash (preferred), or consider extending one of the following types with your repository: org.springframework.data.keyvalue.repository.KeyValueRepository
2026-06-12T09:47:46.365+07:00  INFO 24960 --- [project_211] [main] .s.d.r.c.RepositoryConfigurationDelegate : Finished Spring Data repository scanning in 15 ms. Found 0 Redis repository interfaces.
2026-06-12T09:47:47.502+07:00  INFO 24960 --- [project_211] [main] o.s.boot.tomcat.TomcatWebServer          : Tomcat initialized with port 8080 (http)
2026-06-12T09:47:47.522+07:00  INFO 24960 --- [project_211] [main] o.apache.catalina.core.StandardService   : Starting service [Tomcat]
2026-06-12T09:47:47.525+07:00  INFO 24960 --- [project_211] [main] o.apache.catalina.core.StandardEngine    : Starting Servlet engine: [Apache Tomcat/11.0.21]
2026-06-12T09:47:47.619+07:00  INFO 24960 --- [project_211] [main] b.w.c.s.WebApplicationContextInitializer : Root WebApplicationContext: initialization completed in 2919 ms
2026-06-12T09:47:47.779+07:00  INFO 24960 --- [project_211] [main] com.zaxxer.hikari.HikariDataSource       : HikariPool-1 - Starting...
2026-06-12T09:47:48.543+07:00  INFO 24960 --- [project_211] [main] com.zaxxer.hikari.pool.HikariPool        : HikariPool-1 - Added connection com.mysql.cj.jdbc.ConnectionImpl@7bf65e0f
2026-06-12T09:47:48.546+07:00  INFO 24960 --- [project_211] [main] com.zaxxer.hikari.HikariDataSource       : HikariPool-1 - Start completed.
2026-06-12T09:47:48.711+07:00  INFO 24960 --- [project_211] [main] org.hibernate.orm.jpa                    : HHH008540: Processing PersistenceUnitInfo [name: default]
2026-06-12T09:47:48.865+07:00  INFO 24960 --- [project_211] [main] org.hibernate.orm.core                   : HHH000001: Hibernate ORM core version 7.2.12.Final
2026-06-12T09:47:49.749+07:00  INFO 24960 --- [project_211] [main] o.s.o.j.p.SpringPersistenceUnitInfo      : No LoadTimeWeaver setup: ignoring JPA class transformer
2026-06-12T09:47:50.038+07:00  INFO 24960 --- [project_211] [main] org.hibernate.orm.connections.pooling    : HHH10001005: Database info:
	Database JDBC URL [jdbc:mysql://localhost:3306/badminton_db?createDatabaseIfNotExist=true&useUnicode=true&characterEncoding=UTF-8]
	Database driver: MySQL Connector/J
	Database dialect: MySQLDialect
	Database version: 8.0.44
	Default catalog/schema: badminton_db/undefined
	Autocommit mode: undefined/unknown
	Isolation level: REPEATABLE_READ [default REPEATABLE_READ]
	JDBC fetch size: none
	Pool: DataSourceConnectionProvider
	Minimum pool size: undefined/unknown
	Maximum pool size: undefined/unknown
2026-06-12T09:47:51.945+07:00  INFO 24960 --- [project_211] [main] org.hibernate.orm.core                   : HHH000489: No JTA platform available (set 'hibernate.transaction.jta.platform' to enable JTA platform integration)
2026-06-12T09:47:52.752+07:00  INFO 24960 --- [project_211] [main] j.LocalContainerEntityManagerFactoryBean : Initialized JPA EntityManagerFactory for persistence unit 'default'
2026-06-12T09:47:52.949+07:00  INFO 24960 --- [project_211] [main] o.s.d.j.r.query.QueryEnhancerFactories   : Hibernate is in classpath; If applicable, HQL parser will be used.
2026-06-12T09:47:54.108+07:00  INFO 24960 --- [project_211] [main] r$InitializeUserDetailsManagerConfigurer : Global AuthenticationManager configured with UserDetailsService bean with name customUserDetailsService
2026-06-12T09:47:54.338+07:00  WARN 24960 --- [project_211] [main] JpaBaseConfiguration$JpaWebConfiguration : spring.jpa.open-in-view is enabled by default. Therefore, database queries may be performed during view rendering. Explicitly configure spring.jpa.open-in-view to disable this warning
2026-06-12T09:47:55.288+07:00  INFO 24960 --- [project_211] [main] o.s.boot.tomcat.TomcatWebServer          : Tomcat started on port 8080 (http) with context path '/'
2026-06-12T09:47:55.300+07:00  INFO 24960 --- [project_211] [main] c.e.project_211.Project211Application    : Started Project211Application in 11.406 seconds (process running for 12.997)
2026-06-12T09:50:38.808+07:00  INFO 24960 --- [project_211] [SpringApplicationShutdownHook] o.s.boot.tomcat.GracefulShutdown         : Commencing graceful shutdown. Waiting for active requests to complete
2026-06-12T09:50:38.962+07:00  INFO 24960 --- [project_211] [tomcat-shutdown] o.s.boot.tomcat.GracefulShutdown         : Graceful shutdown complete
2026-06-12T09:50:39.051+07:00  INFO 24960 --- [project_211] [SpringApplicationShutdownHook] j.LocalContainerEntityManagerFactoryBean : Closing JPA EntityManagerFactory for persistence unit 'default'
2026-06-12T09:50:39.054+07:00  INFO 24960 --- [project_211] [SpringApplicationShutdownHook] com.zaxxer.hikari.HikariDataSource       : HikariPool-1 - Shutdown initiated...
2026-06-12T09:50:39.074+07:00  INFO 24960 --- [project_211] [SpringApplicationShutdownHook] com.zaxxer.hikari.HikariDataSource       : HikariPool-1 - Shutdown completed.
2026-06-12T10:02:04.635+07:00  INFO 5456 --- [project_211] [main] c.e.project_211.Project211Application    : Starting Project211Application using Java 17.0.12 with PID 5456 (C:\Users\chung\OneDrive\Desktop\211_java_Web_Service\project\project_211\build\classes\java\main started by chung in C:\Users\chung\OneDrive\Desktop\211_java_Web_Service\project\project_211)
2026-06-12T10:02:04.639+07:00  INFO 5456 --- [project_211] [main] c.e.project_211.Project211Application    : No active profile set, falling back to 1 default profile: "default"
2026-06-12T10:02:05.655+07:00  INFO 5456 --- [project_211] [main] .s.d.r.c.RepositoryConfigurationDelegate : Multiple Spring Data modules found, entering strict repository configuration mode
2026-06-12T10:02:05.658+07:00  INFO 5456 --- [project_211] [main] .s.d.r.c.RepositoryConfigurationDelegate : Bootstrapping Spring Data JPA repositories in DEFAULT mode.
2026-06-12T10:02:05.926+07:00  INFO 5456 --- [project_211] [main] .s.d.r.c.RepositoryConfigurationDelegate : Finished Spring Data repository scanning in 254 ms. Found 7 JPA repository interfaces.
2026-06-12T10:02:05.994+07:00  INFO 5456 --- [project_211] [main] .s.d.r.c.RepositoryConfigurationDelegate : Multiple Spring Data modules found, entering strict repository configuration mode
2026-06-12T10:02:05.998+07:00  INFO 5456 --- [project_211] [main] .s.d.r.c.RepositoryConfigurationDelegate : Bootstrapping Spring Data Redis repositories in DEFAULT mode.
2026-06-12T10:02:06.028+07:00  INFO 5456 --- [project_211] [main] .RepositoryConfigurationExtensionSupport : Spring Data Redis - Could not safely identify store assignment for repository candidate interface com.example.project_211.repository.BookingRepository; If you want this repository to be a Redis repository, consider annotating your entities with one of these annotations: org.springframework.data.redis.core.RedisHash (preferred), or consider extending one of the following types with your repository: org.springframework.data.keyvalue.repository.KeyValueRepository
2026-06-12T10:02:06.029+07:00  INFO 5456 --- [project_211] [main] .RepositoryConfigurationExtensionSupport : Spring Data Redis - Could not safely identify store assignment for repository candidate interface com.example.project_211.repository.CourtImageRepository; If you want this repository to be a Redis repository, consider annotating your entities with one of these annotations: org.springframework.data.redis.core.RedisHash (preferred), or consider extending one of the following types with your repository: org.springframework.data.keyvalue.repository.KeyValueRepository
2026-06-12T10:02:06.032+07:00  INFO 5456 --- [project_211] [main] .RepositoryConfigurationExtensionSupport : Spring Data Redis - Could not safely identify store assignment for repository candidate interface com.example.project_211.repository.CourtRepository; If you want this repository to be a Redis repository, consider annotating your entities with one of these annotations: org.springframework.data.redis.core.RedisHash (preferred), or consider extending one of the following types with your repository: org.springframework.data.keyvalue.repository.KeyValueRepository
2026-06-12T10:02:06.033+07:00  INFO 5456 --- [project_211] [main] .RepositoryConfigurationExtensionSupport : Spring Data Redis - Could not safely identify store assignment for repository candidate interface com.example.project_211.repository.RefreshTokenRepository; If you want this repository to be a Redis repository, consider annotating your entities with one of these annotations: org.springframework.data.redis.core.RedisHash (preferred), or consider extending one of the following types with your repository: org.springframework.data.keyvalue.repository.KeyValueRepository
2026-06-12T10:02:06.034+07:00  INFO 5456 --- [project_211] [main] .RepositoryConfigurationExtensionSupport : Spring Data Redis - Could not safely identify store assignment for repository candidate interface com.example.project_211.repository.RoleRepository; If you want this repository to be a Redis repository, consider annotating your entities with one of these annotations: org.springframework.data.redis.core.RedisHash (preferred), or consider extending one of the following types with your repository: org.springframework.data.keyvalue.repository.KeyValueRepository
2026-06-12T10:02:06.035+07:00  INFO 5456 --- [project_211] [main] .RepositoryConfigurationExtensionSupport : Spring Data Redis - Could not safely identify store assignment for repository candidate interface com.example.project_211.repository.TimeSlotRepository; If you want this repository to be a Redis repository, consider annotating your entities with one of these annotations: org.springframework.data.redis.core.RedisHash (preferred), or consider extending one of the following types with your repository: org.springframework.data.keyvalue.repository.KeyValueRepository
2026-06-12T10:02:06.035+07:00  INFO 5456 --- [project_211] [main] .RepositoryConfigurationExtensionSupport : Spring Data Redis - Could not safely identify store assignment for repository candidate interface com.example.project_211.repository.UserRepository; If you want this repository to be a Redis repository, consider annotating your entities with one of these annotations: org.springframework.data.redis.core.RedisHash (preferred), or consider extending one of the following types with your repository: org.springframework.data.keyvalue.repository.KeyValueRepository
2026-06-12T10:02:06.035+07:00  INFO 5456 --- [project_211] [main] .s.d.r.c.RepositoryConfigurationDelegate : Finished Spring Data repository scanning in 19 ms. Found 0 Redis repository interfaces.
2026-06-12T10:02:07.054+07:00  INFO 5456 --- [project_211] [main] o.s.boot.tomcat.TomcatWebServer          : Tomcat initialized with port 8080 (http)
2026-06-12T10:02:07.074+07:00  INFO 5456 --- [project_211] [main] o.apache.catalina.core.StandardService   : Starting service [Tomcat]
2026-06-12T10:02:07.074+07:00  INFO 5456 --- [project_211] [main] o.apache.catalina.core.StandardEngine    : Starting Servlet engine: [Apache Tomcat/11.0.18]
2026-06-12T10:02:07.165+07:00  INFO 5456 --- [project_211] [main] b.w.c.s.WebApplicationContextInitializer : Root WebApplicationContext: initialization completed in 2467 ms
2026-06-12T10:02:07.329+07:00  INFO 5456 --- [project_211] [main] com.zaxxer.hikari.HikariDataSource       : HikariPool-1 - Starting...
2026-06-12T10:02:08.312+07:00  INFO 5456 --- [project_211] [main] com.zaxxer.hikari.pool.HikariPool        : HikariPool-1 - Added connection com.mysql.cj.jdbc.ConnectionImpl@1b3bec6c
2026-06-12T10:02:08.317+07:00  INFO 5456 --- [project_211] [main] com.zaxxer.hikari.HikariDataSource       : HikariPool-1 - Start completed.
2026-06-12T10:02:08.469+07:00  INFO 5456 --- [project_211] [main] org.hibernate.orm.jpa                    : HHH008540: Processing PersistenceUnitInfo [name: default]
2026-06-12T10:02:08.596+07:00  INFO 5456 --- [project_211] [main] org.hibernate.orm.core                   : HHH000001: Hibernate ORM core version 7.2.4.Final
2026-06-12T10:02:09.398+07:00  INFO 5456 --- [project_211] [main] o.s.o.j.p.SpringPersistenceUnitInfo      : No LoadTimeWeaver setup: ignoring JPA class transformer
2026-06-12T10:02:09.625+07:00  INFO 5456 --- [project_211] [main] org.hibernate.orm.connections.pooling    : HHH10001005: Database info:
	Database JDBC URL [jdbc:mysql://localhost:3306/badminton_db?createDatabaseIfNotExist=true&useUnicode=true&characterEncoding=UTF-8]
	Database driver: MySQL Connector/J
	Database dialect: MySQLDialect
	Database version: 8.0.44
	Default catalog/schema: badminton_db/undefined
	Autocommit mode: undefined/unknown
	Isolation level: REPEATABLE_READ [default REPEATABLE_READ]
	JDBC fetch size: none
	Pool: DataSourceConnectionProvider
	Minimum pool size: undefined/unknown
	Maximum pool size: undefined/unknown
2026-06-12T10:02:11.497+07:00  INFO 5456 --- [project_211] [main] org.hibernate.orm.core                   : HHH000489: No JTA platform available (set 'hibernate.transaction.jta.platform' to enable JTA platform integration)
2026-06-12T10:02:12.186+07:00  INFO 5456 --- [project_211] [main] j.LocalContainerEntityManagerFactoryBean : Initialized JPA EntityManagerFactory for persistence unit 'default'
2026-06-12T10:02:12.340+07:00  INFO 5456 --- [project_211] [main] o.s.d.j.r.query.QueryEnhancerFactories   : Hibernate is in classpath; If applicable, HQL parser will be used.
2026-06-12T10:02:13.320+07:00  INFO 5456 --- [project_211] [main] r$InitializeUserDetailsManagerConfigurer : Global AuthenticationManager configured with UserDetailsService bean with name customUserDetailsService
2026-06-12T10:02:13.552+07:00  WARN 5456 --- [project_211] [main] JpaBaseConfiguration$JpaWebConfiguration : spring.jpa.open-in-view is enabled by default. Therefore, database queries may be performed during view rendering. Explicitly configure spring.jpa.open-in-view to disable this warning
2026-06-12T10:02:14.448+07:00  INFO 5456 --- [project_211] [main] o.s.boot.tomcat.TomcatWebServer          : Tomcat started on port 8080 (http) with context path '/'
2026-06-12T10:02:14.459+07:00  INFO 5456 --- [project_211] [main] c.e.project_211.Project211Application    : Started Project211Application in 10.551 seconds (process running for 11.788)
2026-06-12T10:04:47.890+07:00  INFO 5456 --- [project_211] [SpringApplicationShutdownHook] o.s.boot.tomcat.GracefulShutdown         : Commencing graceful shutdown. Waiting for active requests to complete
2026-06-12T10:04:47.996+07:00  INFO 5456 --- [project_211] [tomcat-shutdown] o.s.boot.tomcat.GracefulShutdown         : Graceful shutdown complete
2026-06-12T10:04:48.017+07:00  INFO 5456 --- [project_211] [SpringApplicationShutdownHook] j.LocalContainerEntityManagerFactoryBean : Closing JPA EntityManagerFactory for persistence unit 'default'
2026-06-12T10:04:48.020+07:00  INFO 5456 --- [project_211] [SpringApplicationShutdownHook] com.zaxxer.hikari.HikariDataSource       : HikariPool-1 - Shutdown initiated...
2026-06-12T10:04:48.030+07:00  INFO 5456 --- [project_211] [SpringApplicationShutdownHook] com.zaxxer.hikari.HikariDataSource       : HikariPool-1 - Shutdown completed.
